<?xml version="1.0" encoding="UTF-8"?>
<!-- Generated by org.testng.reporters.JUnitReportReporter -->
<testsuite skipped="0" hostname="DESKTOP-16AJ7JT" name="com.testng.ParallelExecution1" tests="3" failures="0" timestamp="2020-09-15T11:28:41 IST" time="0.028" errors="0">
  <testcase name="testCase4" time="0.019" classname="com.testng.ParallelExecution1"/>
  <system-out/>
  <testcase name="testCase5" time="0.003" classname="com.testng.ParallelExecution1"/>
  <system-out/>
  <testcase name="testCase6" time="0.006" classname="com.testng.ParallelExecution1"/>
  <system-out/>
</testsuite> <!-- com.testng.ParallelExecution1 -->
