<?xml version="1.0" encoding="UTF-8"?>
<!-- Generated by org.testng.reporters.JUnitReportReporter -->
<testsuite skipped="0" hostname="DESKTOP-16AJ7JT" name="com.testng.PriorityTestCase" tests="3" failures="0" timestamp="2020-09-15T11:28:41 IST" time="0.008" errors="0">
  <testcase name="testCase3" time="0.003" classname="com.testng.PriorityTestCase"/>
  <system-out/>
  <testcase name="testCase1" time="0.002" classname="com.testng.PriorityTestCase"/>
  <system-out/>
  <testcase name="testCase2" time="0.003" classname="com.testng.PriorityTestCase"/>
  <system-out/>
</testsuite> <!-- com.testng.PriorityTestCase -->
