<?xml version="1.0" encoding="UTF-8"?>
<!-- Generated by org.testng.reporters.JUnitReportReporter -->
<testsuite skipped="0" hostname="DESKTOP-16AJ7JT" name="com.testng.ParallelExecution" tests="3" failures="0" timestamp="2020-09-15T11:28:41 IST" time="0.024" errors="0">
  <testcase name="testCase3" time="0.003" classname="com.testng.ParallelExecution"/>
  <system-out/>
  <testcase name="testCase2" time="0.009" classname="com.testng.ParallelExecution"/>
  <system-out/>
  <testcase name="testCase1" time="0.012" classname="com.testng.ParallelExecution"/>
  <system-out/>
</testsuite> <!-- com.testng.ParallelExecution -->
